This file contains any messages produced by compilers while
running configure, to aid debugging if configure makes a mistake.

It was created by Hello World configure 1.0, which was
generated by GNU Autoconf 2.69.  Invocation command line was

  $ ./configure --prefix=/home/mhcrnl/.local make install

## --------- ##
## Platform. ##
## --------- ##

hostname = localhost.localdomain
uname -m = x86_64
uname -r = 4.10.8-100.fc24.x86_64
uname -s = Linux
uname -v = #1 SMP Fri Mar 31 13:20:57 UTC 2017

/usr/bin/uname -p = x86_64
/bin/uname -X     = unknown

/bin/arch              = x86_64
/usr/bin/arch -k       = unknown
/usr/convex/getsysinfo = unknown
/usr/bin/hostinfo      = unknown
/bin/machine           = unknown
/usr/bin/oslevel       = unknown
/bin/universe          = unknown

PATH: /home/mhcrnl/miniconda2/bin
PATH: /home/mhcrnl/perl5/bin
PATH: /home/mhcrnl/miniconda2/bin
PATH: /home/mhcrnl/perl5/bin
PATH: /usr/libexec/python2-sphinx
PATH: /usr/lib64/qt-3.3/bin
PATH: /usr/local/bin
PATH: /usr/local/sbin
PATH: /usr/bin
PATH: /usr/sbin
PATH: /home/mhcrnl/.local/bin
PATH: /home/mhcrnl/bin


## ----------- ##
## Core tests. ##
## ----------- ##

configure:1749: checking for a BSD-compatible install
configure:1817: result: /usr/bin/install -c
configure:1828: checking whether build environment is sane
configure:1883: result: yes
configure:2034: checking for a thread-safe mkdir -p
configure:2073: result: /usr/bin/mkdir -p
configure:2080: checking for gawk
configure:2096: found /usr/bin/gawk
configure:2107: result: gawk
configure:2118: checking whether make sets $(MAKE)
configure:2140: result: yes
configure:2169: checking whether make supports nested variables
configure:2186: result: yes
configure:2450: checking that generated files are newer than configure
configure:2456: result: done
configure:2464: creating ./config.status

## ---------------------- ##
## Running config.status. ##
## ---------------------- ##

This file was extended by Hello World config.status 1.0, which was
generated by GNU Autoconf 2.69.  Invocation command line was

  CONFIG_FILES    = 
  CONFIG_HEADERS  = 
  CONFIG_LINKS    = 
  CONFIG_COMMANDS = 
  $ ./config.status 

on localhost.localdomain

config.status:743: creating Makefile
config.status:743: creating hello-world.desktop

## ---------------- ##
## Cache variables. ##
## ---------------- ##

ac_cv_env_build_alias_set=set
ac_cv_env_build_alias_value=make
ac_cv_env_host_alias_set=set
ac_cv_env_host_alias_value=make
ac_cv_env_target_alias_set=set
ac_cv_env_target_alias_value=make
ac_cv_path_install='/usr/bin/install -c'
ac_cv_path_mkdir=/usr/bin/mkdir
ac_cv_prog_AWK=gawk
ac_cv_prog_make_make_set=yes
am_cv_make_support_nested_variables=yes

## ----------------- ##
## Output variables. ##
## ----------------- ##

ACLOCAL='${SHELL} /home/mhcrnl/Documents/MyGNOMEprojects/GnomeJavaScript/HelloWorld/missing aclocal-1.15'
AMTAR='$${TAR-tar}'
AM_BACKSLASH='\'
AM_DEFAULT_V='$(AM_DEFAULT_VERBOSITY)'
AM_DEFAULT_VERBOSITY='1'
AM_V='$(V)'
AUTOCONF='${SHELL} /home/mhcrnl/Documents/MyGNOMEprojects/GnomeJavaScript/HelloWorld/missing autoconf'
AUTOHEADER='${SHELL} /home/mhcrnl/Documents/MyGNOMEprojects/GnomeJavaScript/HelloWorld/missing autoheader'
AUTOMAKE='${SHELL} /home/mhcrnl/Documents/MyGNOMEprojects/GnomeJavaScript/HelloWorld/missing automake-1.15'
AWK='gawk'
CYGPATH_W='echo'
DEFS='-DPACKAGE_NAME=\"Hello\ World\" -DPACKAGE_TARNAME=\"hello-world\" -DPACKAGE_VERSION=\"1.0\" -DPACKAGE_STRING=\"Hello\ World\ 1.0\" -DPACKAGE_BUGREPORT=\"\" -DPACKAGE_URL=\"\"'
ECHO_C=''
ECHO_N='-n'
ECHO_T=''
INSTALL_DATA='${INSTALL} -m 644'
INSTALL_PROGRAM='${INSTALL}'
INSTALL_SCRIPT='${INSTALL}'
INSTALL_STRIP_PROGRAM='$(install_sh) -c -s'
LIBOBJS=''
LIBS=''
LTLIBOBJS=''
MAKEINFO='${SHELL} /home/mhcrnl/Documents/MyGNOMEprojects/GnomeJavaScript/HelloWorld/missing makeinfo'
MKDIR_P='/usr/bin/mkdir -p'
PACKAGE='hello-world'
PACKAGE_BUGREPORT=''
PACKAGE_NAME='Hello World'
PACKAGE_STRING='Hello World 1.0'
PACKAGE_TARNAME='hello-world'
PACKAGE_URL=''
PACKAGE_VERSION='1.0'
PATH_SEPARATOR=':'
SET_MAKE=''
SHELL='/bin/sh'
STRIP=''
VERSION='1.0'
am__isrc=''
am__leading_dot='.'
am__tar='$${TAR-tar} chof - "$$tardir"'
am__untar='$${TAR-tar} xf -'
bindir='${exec_prefix}/bin'
build_alias='make'
datadir='${datarootdir}'
datarootdir='${prefix}/share'
docdir='${datarootdir}/doc/${PACKAGE_TARNAME}'
dvidir='${docdir}'
exec_prefix='${prefix}'
host_alias='make'
htmldir='${docdir}'
includedir='${prefix}/include'
infodir='${datarootdir}/info'
install_sh='${SHELL} /home/mhcrnl/Documents/MyGNOMEprojects/GnomeJavaScript/HelloWorld/install-sh'
libdir='${exec_prefix}/lib'
libexecdir='${exec_prefix}/libexec'
localedir='${datarootdir}/locale'
localstatedir='${prefix}/var'
mandir='${datarootdir}/man'
mkdir_p='$(MKDIR_P)'
oldincludedir='/usr/include'
pdfdir='${docdir}'
prefix='/home/mhcrnl/.local'
program_transform_name='s,x,x,'
psdir='${docdir}'
sbindir='${exec_prefix}/sbin'
sharedstatedir='${prefix}/com'
sysconfdir='${prefix}/etc'
target_alias='make'

## ----------- ##
## confdefs.h. ##
## ----------- ##

/* confdefs.h */
#define PACKAGE_NAME "Hello World"
#define PACKAGE_TARNAME "hello-world"
#define PACKAGE_VERSION "1.0"
#define PACKAGE_STRING "Hello World 1.0"
#define PACKAGE_BUGREPORT ""
#define PACKAGE_URL ""

configure: exit 0
